core/build/outputs/mapping/debug/seeds.txt
com.example.gamecatalogue.core.R$xml
com.example.gamecatalogue.core.R$layout
com.example.gamecatalogue.core.R$integer
com.example.gamecatalogue.core.R$color
com.example.gamecatalogue.core.R$style
com.example.gamecatalogue.core.R$plurals
com.example.gamecatalogue.core.R$drawable
com.example.gamecatalogue.core.data.source.local.room.GameDatabase
com.example.gamecatalogue.core.R$interpolator
com.example.gamecatalogue.core.R$attr
com.example.gamecatalogue.core.R$id
com.example.gamecatalogue.core.R$bool
com.example.gamecatalogue.core.data.source.local.room.GameDatabase_Impl
com.example.gamecatalogue.core.R$styleable
com.example.gamecatalogue.core.R$anim
com.example.gamecatalogue.core.R$animator
com.example.gamecatalogue.core.R$dimen
com.example.gamecatalogue.core.R
com.example.gamecatalogue.core.R$string
com.example.gamecatalogue.core.R$styleable: int CompoundButton_buttonTintMode
com.example.gamecatalogue.core.R$drawable: int mtrl_ic_arrow_drop_up
com.example.gamecatalogue.core.R$styleable: int LinearLayoutCompat_Layout_android_layout_weight
com.example.gamecatalogue.core.R$attr: int constraintSet
com.example.gamecatalogue.core.R$id: int counterclockwise
com.example.gamecatalogue.core.R$style: int ThemeOverlay_MaterialComponents_TextInputEditText_OutlinedBox_Dense
com.example.gamecatalogue.core.R$dimen: int mtrl_extended_fab_disabled_elevation
com.example.gamecatalogue.core.R$dimen: int mtrl_btn_padding_right
com.example.gamecatalogue.core.R$styleable: int[] CoordinatorLayout_Layout
com.example.gamecatalogue.core.R$attr: int selectionRequired
com.example.gamecatalogue.core.R$dimen: int mtrl_calendar_navigation_height
com.example.gamecatalogue.core.R$drawable: int btn_radio_off_to_on_mtrl_animation
com.example.gamecatalogue.core.R$styleable: int TextInputLayout_suffixTextColor
com.example.gamecatalogue.core.R$styleable: int ConstraintSet_layout_constraintLeft_toLeftOf
com.example.gamecatalogue.core.R$styleable: int[] AnimatedStateListDrawableItem
com.example.gamecatalogue.core.R$styleable: int ConstraintLayout_placeholder_placeholder_emptyVisibility
com.example.gamecatalogue.core.R$styleable: int MaterialComponentsTheme_textAppearanceBody2
com.example.gamecatalogue.core.R$attr: int layoutDescription
com.example.gamecatalogue.core.R$attr: int maxButtonHeight
com.example.gamecatalogue.core.R$styleable: int AnimatedStateListDrawableTransition_android_reversible
com.example.gamecatalogue.core.R$styleable: int ConstraintLayout_Layout_flow_wrapMode
com.example.gamecatalogue.core.R$id: int nav_controller_view_tag
com.example.gamecatalogue.core.R$styleable: int ConstraintSet_layout_constraintWidth_max
com.example.gamecatalogue.core.R$styleable: int[] MenuGroup
com.example.gamecatalogue.core.R$styleable: int Toolbar_android_gravity
com.example.gamecatalogue.core.R$animator: int mtrl_extended_fab_state_list_animator
com.example.gamecatalogue.core.R$style: int Base_Widget_MaterialComponents_Slider
com.example.gamecatalogue.core.R$styleable: int DesignTheme_bottomSheetDialogTheme
com.example.gamecatalogue.core.R$id: int accessibility_custom_action_25
com.example.gamecatalogue.core.R$style: int Widget_AppCompat_Spinner_DropDown
com.example.gamecatalogue.core.R$string: int exposed_dropdown_menu_content_description
com.example.gamecatalogue.core.R$id: int search_go_btn
com.example.gamecatalogue.core.R$id: int triangle
com.example.gamecatalogue.core.R$attr: int roundPercent
com.example.gamecatalogue.core.R$attr: int lineHeight
com.example.gamecatalogue.core.R$style: int Widget_MaterialComponents_CheckedTextView
com.example.gamecatalogue.core.R$styleable: int TabLayout_tabIndicatorFullWidth
com.example.gamecatalogue.core.R$attr: int actionButtonStyle
com.example.gamecatalogue.core.R$styleable: int AnimatedStateListDrawableCompat_android_constantSize
com.example.gamecatalogue.core.R$styleable: int ConstraintSet_layout_constraintDimensionRatio