core/build/outputs/mapping/debug/mapping.txt
# compiler: R8
# compiler_version: 2.2.64
# pg_map_id: 16825f3
# common_typos_disable
com.example.gamecatalogue.core.data.source.local.entity.GameEntity -> a.a.a.a.a.a.a.a.a:
com.example.gamecatalogue.core.data.source.local.room.GameDao -> a.a.a.a.a.a.a.b.a:
com.example.gamecatalogue.core.data.source.local.room.GameDao_Impl -> a.a.a.a.a.a.a.b.b:
    250:250:java.util.List getRequiredConverters() -> a
com.example.gamecatalogue.core.data.source.local.room.GameDatabase -> com.example.gamecatalogue.core.data.source.local.room.GameDatabase:
    8:8:void <init>() -> <init>
com.example.gamecatalogue.core.data.source.local.room.GameDatabase_Impl -> com.example.gamecatalogue.core.data.source.local.room.GameDatabase_Impl:
    28:28:void <init>() -> <init>
    28:28:java.util.List access$000(com.example.gamecatalogue.core.data.source.local.room.GameDatabase_Impl) -> a
    28:28:androidx.sqlite.db.SupportSQLiteDatabase access$602(com.example.gamecatalogue.core.data.source.local.room.GameDatabase_Impl,androidx.sqlite.db.SupportSQLiteDatabase) -> a
    28:28:java.util.List access$100(com.example.gamecatalogue.core.data.source.local.room.GameDatabase_Impl) -> b
    28:28:void access$700(com.example.gamecatalogue.core.data.source.local.room.GameDatabase_Impl,androidx.sqlite.db.SupportSQLiteDatabase) -> b
    28:28:java.util.List access$1000(com.example.gamecatalogue.core.data.source.local.room.GameDatabase_Impl) -> c
    118:131:void clearAllTables() -> clearAllTables
    111:113:androidx.room.InvalidationTracker createInvalidationTracker() -> createInvalidationTracker
    33:106:androidx.sqlite.db.SupportSQLiteOpenHelper createOpenHelper(androidx.room.DatabaseConfiguration) -> createOpenHelper
    28:28:java.util.List access$200(com.example.gamecatalogue.core.data.source.local.room.GameDatabase_Impl) -> d
    28:28:java.util.List access$300(com.example.gamecatalogue.core.data.source.local.room.GameDatabase_Impl) -> e
    28:28:java.util.List access$400(com.example.gamecatalogue.core.data.source.local.room.GameDatabase_Impl) -> f
com.example.gamecatalogue.core.data.source.local.room.GameDatabase_Impl$1 -> com.example.gamecatalogue.core.data.source.local.room.GameDatabase_Impl$a:
    com.example.gamecatalogue.core.data.source.local.room.GameDatabase_Impl this$0 -> a
    33:33:void <init>(com.example.gamecatalogue.core.data.source.local.room.GameDatabase_Impl,int) -> <init>
    36:39:void createAllTables(androidx.sqlite.db.SupportSQLiteDatabase) -> createAllTables
    43:49:void dropAllTables(androidx.sqlite.db.SupportSQLiteDatabase) -> dropAllTables
    53:58:void onCreate(androidx.sqlite.db.SupportSQLiteDatabase) -> onCreate
    62:69:void onOpen(androidx.sqlite.db.SupportSQLiteDatabase) -> onOpen
    78:78:void onPostMigrate(androidx.sqlite.db.SupportSQLiteDatabase) -> onPostMigrate
    73:74:void onPreMigrate(androidx.sqlite.db.SupportSQLiteDatabase) -> onPreMigrate
    82:98:androidx.room.RoomOpenHelper$ValidationResult onValidateSchema(androidx.sqlite.db.SupportSQLiteDatabase) -> onValidateSchema