core/build/outputs/mapping/debug/usage.txt
com.example.gamecatalogue.core.BuildConfig
com.example.gamecatalogue.core.data.GameRepository$getAllGame$1$loadFromDB$$inlined$map$1$2$1
com.example.gamecatalogue.core.data.GameRepository$getAllGame$1$loadFromDB$$inlined$map$1$2
com.example.gamecatalogue.core.data.GameRepository$getAllGame$1$loadFromDB$$inlined$map$1
com.example.gamecatalogue.core.data.GameRepository$getAllGame$1
com.example.gamecatalogue.core.data.GameRepository$getDetailGame$result$1
com.example.gamecatalogue.core.data.GameRepository$getFavoriteGame$$inlined$map$1$2$1
com.example.gamecatalogue.core.data.GameRepository$getFavoriteGame$$inlined$map$1$2
com.example.gamecatalogue.core.data.GameRepository$getFavoriteGame$$inlined$map$1
com.example.gamecatalogue.core.data.GameRepository
com.example.gamecatalogue.core.data.NetworkBoundResource$result$1$invokeSuspend$$inlined$map$1$2$1
com.example.gamecatalogue.core.data.NetworkBoundResource$result$1$invokeSuspend$$inlined$map$1$2
com.example.gamecatalogue.core.data.NetworkBoundResource$result$1$invokeSuspend$$inlined$map$1
com.example.gamecatalogue.core.data.NetworkBoundResource$result$1$invokeSuspend$$inlined$map$2$2$1
com.example.gamecatalogue.core.data.NetworkBoundResource$result$1$invokeSuspend$$inlined$map$2$2
com.example.gamecatalogue.core.data.NetworkBoundResource$result$1$invokeSuspend$$inlined$map$2
com.example.gamecatalogue.core.data.NetworkBoundResource$result$1$invokeSuspend$$inlined$map$3$2$1
com.example.gamecatalogue.core.data.NetworkBoundResource$result$1$invokeSuspend$$inlined$map$3$2
com.example.gamecatalogue.core.data.NetworkBoundResource$result$1$invokeSuspend$$inlined$map$3
com.example.gamecatalogue.core.data.NetworkBoundResource$result$1
com.example.gamecatalogue.core.data.NetworkBoundResource
com.example.gamecatalogue.core.data.Resource$Error
com.example.gamecatalogue.core.data.Resource$Loading
com.example.gamecatalogue.core.data.Resource$Success
com.example.gamecatalogue.core.data.Resource
com.example.gamecatalogue.core.data.source.local.LocalDataSource
com.example.gamecatalogue.core.data.source.local.entity.GameEntity:
    private java.lang.String backgroundImage
    private int id
    private boolean isFavorite
    private java.lang.String name
    private double rating
    private java.lang.String released
    public void <init>(int,java.lang.String,java.lang.String,java.lang.String,double,boolean)
    public synthetic void <init>(int,java.lang.String,java.lang.String,java.lang.String,double,boolean,int,kotlin.jvm.internal.DefaultConstructorMarker)
    public final int component1()
    public final java.lang.String component2()
    public final java.lang.String component3()
    public final java.lang.String component4()
    public final double component5()
    public final boolean component6()
    public final com.example.gamecatalogue.core.data.source.local.entity.GameEntity copy(int,java.lang.String,java.lang.String,java.lang.String,double,boolean)
    public static synthetic com.example.gamecatalogue.core.data.source.local.entity.GameEntity copy$default(com.example.gamecatalogue.core.data.source.local.entity.GameEntity,int,java.lang.String,java.lang.String,java.lang.String,double,boolean,int,java.lang.Object)
    public boolean equals(java.lang.Object)
    public final java.lang.String getBackgroundImage()
    public final int getId()
    public final java.lang.String getName()
    public final double getRating()
    public final java.lang.String getReleased()
    public int hashCode()
com.example.gamecatalogue.core.data.source.local.room.GameDao:
    public abstract kotlinx.coroutines.flow.Flow getAllGame()
    public abstract kotlinx.coroutines.flow.Flow getFavoriteGame()
    public abstract java.lang.Object insertGame(java.util.List,kotlin.coroutines.Continuation)
    public abstract void updateFavoriteGame(com.example.gamecatalogue.core.data.source.local.entity.GameEntity)